[3.836s] DEBUG:colcon:Command line arguments: ['/usr/bin/colcon', 'build', '--packages-select', 'v1_topic_pkg']
[3.836s] DEBUG:colcon:Parsed command line arguments: Namespace(log_base=None, log_level=None, verb_name='build', build_base='build', install_base='install', merge_install=False, symlink_install=False, test_result_base=None, continue_on_error=False, executor='parallel', parallel_workers=1, event_handlers=None, ignore_user_meta=False, metas=['./colcon.meta'], base_paths=['.'], packages_ignore=None, packages_ignore_regex=None, paths=None, packages_up_to=None, packages_up_to_regex=None, packages_above=None, packages_above_and_dependencies=None, packages_above_depth=None, packages_select_by_dep=None, packages_skip_by_dep=None, packages_skip_up_to=None, packages_select_build_failed=False, packages_skip_build_finished=False, packages_select_test_failures=False, packages_skip_test_passed=False, packages_select=['v1_topic_pkg'], packages_skip=None, packages_select_regex=None, packages_skip_regex=None, packages_start=None, packages_end=None, allow_overriding=[], cmake_args=None, cmake_target=None, cmake_target_skip_unavailable=False, cmake_clean_cache=False, cmake_clean_first=False, cmake_force_configure=False, ament_cmake_args=None, catkin_cmake_args=None, catkin_skip_building_tests=False, mixin_files=None, mixin=None, verb_parser=<colcon_mixin.mixin.mixin_argument.MixinArgumentDecorator object at 0x7287ab0ac5f0>, verb_extension=<colcon_core.verb.build.BuildVerb object at 0x7287ab0ac290>, main=<bound method BuildVerb.main of <colcon_core.verb.build.BuildVerb object at 0x7287ab0ac290>>, mixin_verb=('build',))
[5.133s] Level 1:colcon.colcon_core.package_discovery:discover_packages(colcon_meta) check parameters
[5.161s] Level 1:colcon.colcon_core.package_discovery:discover_packages(recursive) check parameters
[5.208s] Level 1:colcon.colcon_core.package_discovery:discover_packages(ignore) check parameters
[5.209s] Level 1:colcon.colcon_core.package_discovery:discover_packages(path) check parameters
[5.210s] Level 1:colcon.colcon_core.package_discovery:discover_packages(colcon_meta) discover
[5.210s] Level 1:colcon.colcon_core.package_discovery:discover_packages(recursive) discover
[5.210s] INFO:colcon.colcon_core.package_discovery:Crawling recursively for packages in '/home/bachelor/ros2_ws/src/v1_topic_pkg/v1_topic_pkg'
[5.210s] Level 1:colcon.colcon_core.package_identification:_identify(.) by extensions ['ignore', 'ignore_ament_install']
[5.211s] Level 1:colcon.colcon_core.package_identification:_identify(.) by extension 'ignore'
[5.211s] Level 1:colcon.colcon_core.package_identification:_identify(.) by extension 'ignore_ament_install'
[5.211s] Level 1:colcon.colcon_core.package_identification:_identify(.) by extensions ['colcon_pkg']
[5.211s] Level 1:colcon.colcon_core.package_identification:_identify(.) by extension 'colcon_pkg'
[5.211s] Level 1:colcon.colcon_core.package_identification:_identify(.) by extensions ['colcon_meta']
[5.211s] Level 1:colcon.colcon_core.package_identification:_identify(.) by extension 'colcon_meta'
[5.211s] Level 1:colcon.colcon_core.package_identification:_identify(.) by extensions ['ros']
[5.211s] Level 1:colcon.colcon_core.package_identification:_identify(.) by extension 'ros'
[6.099s] Level 1:colcon.colcon_core.package_identification:_identify(.) by extensions ['cmake', 'python']
[6.102s] Level 1:colcon.colcon_core.package_identification:_identify(.) by extension 'cmake'
[6.102s] Level 1:colcon.colcon_core.package_identification:_identify(.) by extension 'python'
[6.102s] Level 1:colcon.colcon_core.package_identification:_identify(.) by extensions ['python_setup_py']
[6.102s] Level 1:colcon.colcon_core.package_identification:_identify(.) by extension 'python_setup_py'
[6.103s] Level 1:colcon.colcon_core.package_identification:_identify(build) by extensions ['ignore', 'ignore_ament_install']
[6.103s] Level 1:colcon.colcon_core.package_identification:_identify(build) by extension 'ignore'
[6.103s] Level 1:colcon.colcon_core.package_identification:_identify(build) ignored
[6.103s] Level 1:colcon.colcon_core.package_identification:_identify(install) by extensions ['ignore', 'ignore_ament_install']
[6.103s] Level 1:colcon.colcon_core.package_identification:_identify(install) by extension 'ignore'
[6.103s] Level 1:colcon.colcon_core.package_identification:_identify(install) ignored
[6.104s] Level 1:colcon.colcon_core.package_identification:_identify(log) by extensions ['ignore', 'ignore_ament_install']
[6.104s] Level 1:colcon.colcon_core.package_identification:_identify(log) by extension 'ignore'
[6.104s] Level 1:colcon.colcon_core.package_identification:_identify(log) ignored
[6.104s] Level 1:colcon.colcon_core.package_discovery:discover_packages(recursive) using defaults
[6.104s] Level 1:colcon.colcon_core.package_discovery:discover_packages(ignore) discover
[6.104s] Level 1:colcon.colcon_core.package_discovery:discover_packages(ignore) using defaults
[6.104s] Level 1:colcon.colcon_core.package_discovery:discover_packages(path) discover
[6.104s] Level 1:colcon.colcon_core.package_discovery:discover_packages(path) using defaults
[6.104s] WARNING:colcon.colcon_core.package_selection:ignoring unknown package 'v1_topic_pkg' in --packages-select
[6.776s] Level 1:colcon.colcon_core.package_discovery:discover_packages(prefix_path) check parameters
[6.812s] Level 1:colcon.colcon_core.package_discovery:discover_packages(prefix_path) discover
[6.818s] DEBUG:colcon.colcon_installed_package_information.package_discovery:Found 1 installed packages in /home/bachelor/ros2_ws/src/v1_topic_pkg/install
[6.917s] DEBUG:colcon.colcon_installed_package_information.package_discovery:Found 8 installed packages in /home/bachelor/ros2_ws/install
[6.983s] DEBUG:colcon.colcon_installed_package_information.package_discovery:Found 434 installed packages in /opt/ros/jazzy
[7.098s] Level 1:colcon.colcon_core.package_discovery:discover_packages(prefix_path) using defaults
[9.264s] INFO:colcon.colcon_core.executor:Executing jobs using 'parallel' executor
[9.275s] DEBUG:colcon.colcon_parallel_executor.executor.parallel:run_until_complete
[9.310s] DEBUG:colcon.colcon_parallel_executor.executor.parallel:closing loop
[9.310s] DEBUG:colcon.colcon_parallel_executor.executor.parallel:loop closed
[9.310s] DEBUG:colcon.colcon_parallel_executor.executor.parallel:run_until_complete finished with '0'
[9.310s] DEBUG:colcon.colcon_core.event_reactor:joining thread
[9.501s] INFO:colcon.colcon_core.plugin_system:Skipping extension 'colcon_notification.desktop_notification.terminal_notifier': Not used on non-Darwin systems
[9.637s] INFO:colcon.colcon_core.plugin_system:Skipping extension 'colcon_notification.desktop_notification.win32': Not used on non-Windows systems
[9.668s] INFO:colcon.colcon_notification.desktop_notification:Sending desktop notification using 'notify2'
[10.437s] DEBUG:colcon.colcon_core.event_reactor:joined thread
[11.584s] INFO:colcon.colcon_core.plugin_system:Skipping extension 'colcon_core.shell.bat': Not used on non-Windows systems
[11.585s] INFO:colcon.colcon_core.shell:Creating prefix script '/home/bachelor/ros2_ws/src/v1_topic_pkg/v1_topic_pkg/install/local_setup.ps1'
[11.853s] INFO:colcon.colcon_core.shell:Creating prefix util module '/home/bachelor/ros2_ws/src/v1_topic_pkg/v1_topic_pkg/install/_local_setup_util_ps1.py'
[11.929s] INFO:colcon.colcon_core.shell:Creating prefix chain script '/home/bachelor/ros2_ws/src/v1_topic_pkg/v1_topic_pkg/install/setup.ps1'
[12.038s] INFO:colcon.colcon_core.shell:Creating prefix script '/home/bachelor/ros2_ws/src/v1_topic_pkg/v1_topic_pkg/install/local_setup.sh'
[12.103s] INFO:colcon.colcon_core.shell:Creating prefix util module '/home/bachelor/ros2_ws/src/v1_topic_pkg/v1_topic_pkg/install/_local_setup_util_sh.py'
[12.147s] INFO:colcon.colcon_core.shell:Creating prefix chain script '/home/bachelor/ros2_ws/src/v1_topic_pkg/v1_topic_pkg/install/setup.sh'
[12.212s] INFO:colcon.colcon_core.shell:Creating prefix script '/home/bachelor/ros2_ws/src/v1_topic_pkg/v1_topic_pkg/install/local_setup.bash'
[12.273s] INFO:colcon.colcon_core.shell:Creating prefix chain script '/home/bachelor/ros2_ws/src/v1_topic_pkg/v1_topic_pkg/install/setup.bash'
[12.355s] INFO:colcon.colcon_core.shell:Creating prefix script '/home/bachelor/ros2_ws/src/v1_topic_pkg/v1_topic_pkg/install/local_setup.zsh'
[12.485s] INFO:colcon.colcon_core.shell:Creating prefix chain script '/home/bachelor/ros2_ws/src/v1_topic_pkg/v1_topic_pkg/install/setup.zsh'
